<?xml version="1.0" encoding="UTF-8"?>
<!-- Generated by org.testng.reporters.JUnitXMLReporter -->
<testsuite hostname="LAPTOP-AGHJRJVA" ignored="1" name="Test" tests="2" failures="0" timestamp="2020-05-20T02:52:00 IST" time="7.819" errors="0">
  <testcase name="createIssue" time="7.044" classname="week2.Assignment3.CreateIssue"/>
  <testcase name="deleteIssue" time="0.709" classname="week2.Assignment3.DeleteIssue"/>
  <testcase name="@BeforeSuite setUp" time="0.0" classname="week2.Assignment3.SetUp">
    <ignored/>
  </testcase> <!-- @BeforeSuite setUp -->
</testsuite> <!-- Test -->
