<?xml version="1.0" encoding="UTF-8"?>
<testng-results skipped="0" failed="0" ignored="1" total="3" passed="2">
  <reporter-output>
  </reporter-output>
  <suite name="Suite" duration-ms="7819" started-at="2020-05-20T02:51:52 IST" finished-at="2020-05-20T02:52:00 IST">
    <groups>
    </groups>
    <test name="Test" duration-ms="7819" started-at="2020-05-20T02:51:52 IST" finished-at="2020-05-20T02:52:00 IST">
      <class name="week2.Assignment3.DeleteIssue">
        <test-method status="PASS" signature="deleteIssue()[pri:0, instance:week2.Assignment3.DeleteIssue@6737fd8f]" name="deleteIssue" duration-ms="709" started-at="2020-05-20T02:51:59 IST" depends-on-methods="week2.Assignment3.CreateIssue.createIssue" finished-at="2020-05-20T02:52:00 IST">
          <reporter-output>
          </reporter-output>
        </test-method> <!-- deleteIssue -->
      </class> <!-- week2.Assignment3.DeleteIssue -->
      <class name="week2.Assignment3.CreateIssue">
        <test-method status="PASS" signature="setUp()[pri:0, instance:week2.Assignment3.CreateIssue@1efed156]" name="setUp" is-config="true" duration-ms="761" started-at="2020-05-20T02:51:51 IST" finished-at="2020-05-20T02:51:52 IST">
          <reporter-output>
          </reporter-output>
        </test-method> <!-- setUp -->
        <test-method status="PASS" signature="createIssue()[pri:0, instance:week2.Assignment3.CreateIssue@1efed156]" name="createIssue" duration-ms="7044" started-at="2020-05-20T02:51:52 IST" finished-at="2020-05-20T02:51:59 IST">
          <reporter-output>
          </reporter-output>
        </test-method> <!-- createIssue -->
      </class> <!-- week2.Assignment3.CreateIssue -->
    </test> <!-- Test -->
  </suite> <!-- Suite -->
</testng-results>
